[2024-09-28 04:02:37,473] INFO [Controller id=0] Processing automatic preferred replica leader election (kafka.controller.KafkaController)
[2024-09-28 04:02:37,477] TRACE [Controller id=0] Checking need to trigger auto leader balancing (kafka.controller.KafkaController)
[2024-09-28 04:02:37,479] DEBUG [Controller id=0] Topics not in preferred replica for broker 0 Map() (kafka.controller.KafkaController)
[2024-09-28 04:02:37,479] TRACE [Controller id=0] Leader imbalance ratio for broker 0 is 0.0 (kafka.controller.KafkaController)
[2024-09-28 04:07:37,485] INFO [Controller id=0] Processing automatic preferred replica leader election (kafka.controller.KafkaController)
[2024-09-28 04:07:37,487] TRACE [Controller id=0] Checking need to trigger auto leader balancing (kafka.controller.KafkaController)
[2024-09-28 04:07:37,489] DEBUG [Controller id=0] Topics not in preferred replica for broker 0 Map() (kafka.controller.KafkaController)
[2024-09-28 04:07:37,489] TRACE [Controller id=0] Leader imbalance ratio for broker 0 is 0.0 (kafka.controller.KafkaController)
[2024-09-28 04:12:37,490] INFO [Controller id=0] Processing automatic preferred replica leader election (kafka.controller.KafkaController)
[2024-09-28 04:12:37,490] TRACE [Controller id=0] Checking need to trigger auto leader balancing (kafka.controller.KafkaController)
[2024-09-28 04:12:37,491] DEBUG [Controller id=0] Topics not in preferred replica for broker 0 Map() (kafka.controller.KafkaController)
[2024-09-28 04:12:37,492] TRACE [Controller id=0] Leader imbalance ratio for broker 0 is 0.0 (kafka.controller.KafkaController)
[2024-09-28 04:12:48,560] INFO [Controller id=0] Shutting down broker 0 (kafka.controller.KafkaController)
[2024-09-28 04:12:48,560] DEBUG [Controller id=0] All shutting down brokers: 0 (kafka.controller.KafkaController)
[2024-09-28 04:12:48,561] DEBUG [Controller id=0] Live brokers:  (kafka.controller.KafkaController)
[2024-09-28 04:12:48,568] TRACE [Controller id=0] All leaders = iot_images-0 -> (Leader:0,ISR:0,LeaderRecoveryState:RECOVERED,LeaderEpoch:0,ZkVersion:0,ControllerEpoch:1) (kafka.controller.KafkaController)
[2024-09-28 04:12:48,838] INFO [ControllerEventThread controllerId=0] Shutting down (kafka.controller.ControllerEventManager$ControllerEventThread)
[2024-09-28 04:12:48,838] INFO [ControllerEventThread controllerId=0] Shutdown completed (kafka.controller.ControllerEventManager$ControllerEventThread)
[2024-09-28 04:12:48,838] INFO [ControllerEventThread controllerId=0] Stopped (kafka.controller.ControllerEventManager$ControllerEventThread)
[2024-09-28 04:12:48,840] DEBUG [Controller id=0] Resigning (kafka.controller.KafkaController)
[2024-09-28 04:12:48,840] DEBUG [Controller id=0] Unregister BrokerModifications handler for Set(0) (kafka.controller.KafkaController)
[2024-09-28 04:12:48,842] INFO [PartitionStateMachine controllerId=0] Stopped partition state machine (kafka.controller.ZkPartitionStateMachine)
[2024-09-28 04:12:48,844] INFO [ReplicaStateMachine controllerId=0] Stopped replica state machine (kafka.controller.ZkReplicaStateMachine)
[2024-09-28 04:12:48,845] INFO [RequestSendThread controllerId=0] Shutting down (kafka.controller.RequestSendThread)
[2024-09-28 04:12:48,845] INFO [RequestSendThread controllerId=0] Shutdown completed (kafka.controller.RequestSendThread)
[2024-09-28 04:12:48,845] INFO [RequestSendThread controllerId=0] Stopped (kafka.controller.RequestSendThread)
[2024-09-28 04:12:48,849] INFO [Controller id=0] Resigned (kafka.controller.KafkaController)
